{"name": "test_del_members[删除神梦无痕]", "status": "broken", "statusDetails": {"message": "selenium.common.exceptions.NoSuchElementException: Message: no such element: Unable to locate element: {\"method\":\"xpath\",\"selector\":\"//*[@title='18888888888']/../td[1]/input\"}\n  (Session info: chrome=92.0.4515.159)", "trace": "self = <test_case.TestCase object at 0x0000000003AB6460>, phone = 18888888888\n\n    @pytest.mark.parametrize(\"phone\", get_case_data()[0], ids=get_case_data()[1])\n    # 设置测试用例功能名\n    @allure.feature(\"删除成员成功\")\n    # 设置测试用例执行顺序\n    @pytest.mark.run(order=3)\n    def test_del_members(self, phone):\n        \"\"\"\n        1、在首页点击通讯录按钮\n        2、跳转到添加通讯录页面\n        3、根据手机号勾选成员，点击删除，并操作结果\n        \"\"\"\n        with allure.step(\"进入到首页\"):\n            index = IndexPage(self.index.browser)\n        with allure.step(\"在首页点击通讯录按钮，跳转到添加通讯录页面\"):\n            add_members = index.goto_contact()\n        with allure.step(\"根据手机号勾选成员，点击删除，并操作结果\"):\n>           tips = add_members.del_member(phone)\n\ntest_scripts\\test_case.py:72: \n_ _ _ _ _ _ _ _ _ _ _ _ _ _ _ _ _ _ _ _ _ _ _ _ _ _ _ _ _ _ _ _ _ _ _ _ _ _ _ _\npage_object\\contact_page.py:42: in del_member\n    ele = self.find(By.XPATH, f\"//*[@title='{phone}']/../td[1]/input\")\npage_object\\base_page.py:101: in find\n    return self.browser.find_element(by, value)\n..\\..\\..\\..\\AppData\\Local\\Programs\\Python\\Python38\\DLLs\\lib\\site-packages\\selenium\\webdriver\\remote\\webdriver.py:976: in find_element\n    return self.execute(Command.FIND_ELEMENT, {\n..\\..\\..\\..\\AppData\\Local\\Programs\\Python\\Python38\\DLLs\\lib\\site-packages\\selenium\\webdriver\\remote\\webdriver.py:321: in execute\n    self.error_handler.check_response(response)\n_ _ _ _ _ _ _ _ _ _ _ _ _ _ _ _ _ _ _ _ _ _ _ _ _ _ _ _ _ _ _ _ _ _ _ _ _ _ _ _\n\nself = <selenium.webdriver.remote.errorhandler.ErrorHandler object at 0x0000000003A9E250>\nresponse = {'status': 404, 'value': '{\"value\":{\"error\":\"no such element\",\"message\":\"no such element: Unable to locate element: {\\...x7783343D+18]\\\\n\\\\tRtlInitializeExceptionChain [0x77E39812+99]\\\\n\\\\tRtlInitializeExceptionChain [0x77E397E5+54]\\\\n\"}}'}\n\n    def check_response(self, response):\n        \"\"\"\n        Checks that a JSON response from the WebDriver does not have an error.\n    \n        :Args:\n         - response - The JSON response from the WebDriver server as a dictionary\n           object.\n    \n        :Raises: If the response contains an error message.\n        \"\"\"\n        status = response.get('status', None)\n        if status is None or status == ErrorCode.SUCCESS:\n            return\n        value = None\n        message = response.get(\"message\", \"\")\n        screen = response.get(\"screen\", \"\")\n        stacktrace = None\n        if isinstance(status, int):\n            value_json = response.get('value', None)\n            if value_json and isinstance(value_json, basestring):\n                import json\n                try:\n                    value = json.loads(value_json)\n                    if len(value.keys()) == 1:\n                        value = value['value']\n                    status = value.get('error', None)\n                    if status is None:\n                        status = value[\"status\"]\n                        message = value[\"value\"]\n                        if not isinstance(message, basestring):\n                            value = message\n                            message = message.get('message')\n                    else:\n                        message = value.get('message', None)\n                except ValueError:\n                    pass\n    \n        exception_class = ErrorInResponseException\n        if status in ErrorCode.NO_SUCH_ELEMENT:\n            exception_class = NoSuchElementException\n        elif status in ErrorCode.NO_SUCH_FRAME:\n            exception_class = NoSuchFrameException\n        elif status in ErrorCode.NO_SUCH_WINDOW:\n            exception_class = NoSuchWindowException\n        elif status in ErrorCode.STALE_ELEMENT_REFERENCE:\n            exception_class = StaleElementReferenceException\n        elif status in ErrorCode.ELEMENT_NOT_VISIBLE:\n            exception_class = ElementNotVisibleException\n        elif status in ErrorCode.INVALID_ELEMENT_STATE:\n            exception_class = InvalidElementStateException\n        elif status in ErrorCode.INVALID_SELECTOR \\\n                or status in ErrorCode.INVALID_XPATH_SELECTOR \\\n                or status in ErrorCode.INVALID_XPATH_SELECTOR_RETURN_TYPER:\n            exception_class = InvalidSelectorException\n        elif status in ErrorCode.ELEMENT_IS_NOT_SELECTABLE:\n            exception_class = ElementNotSelectableException\n        elif status in ErrorCode.ELEMENT_NOT_INTERACTABLE:\n            exception_class = ElementNotInteractableException\n        elif status in ErrorCode.INVALID_COOKIE_DOMAIN:\n            exception_class = InvalidCookieDomainException\n        elif status in ErrorCode.UNABLE_TO_SET_COOKIE:\n            exception_class = UnableToSetCookieException\n        elif status in ErrorCode.TIMEOUT:\n            exception_class = TimeoutException\n        elif status in ErrorCode.SCRIPT_TIMEOUT:\n            exception_class = TimeoutException\n        elif status in ErrorCode.UNKNOWN_ERROR:\n            exception_class = WebDriverException\n        elif status in ErrorCode.UNEXPECTED_ALERT_OPEN:\n            exception_class = UnexpectedAlertPresentException\n        elif status in ErrorCode.NO_ALERT_OPEN:\n            exception_class = NoAlertPresentException\n        elif status in ErrorCode.IME_NOT_AVAILABLE:\n            exception_class = ImeNotAvailableException\n        elif status in ErrorCode.IME_ENGINE_ACTIVATION_FAILED:\n            exception_class = ImeActivationFailedException\n        elif status in ErrorCode.MOVE_TARGET_OUT_OF_BOUNDS:\n            exception_class = MoveTargetOutOfBoundsException\n        elif status in ErrorCode.JAVASCRIPT_ERROR:\n            exception_class = JavascriptException\n        elif status in ErrorCode.SESSION_NOT_CREATED:\n            exception_class = SessionNotCreatedException\n        elif status in ErrorCode.INVALID_ARGUMENT:\n            exception_class = InvalidArgumentException\n        elif status in ErrorCode.NO_SUCH_COOKIE:\n            exception_class = NoSuchCookieException\n        elif status in ErrorCode.UNABLE_TO_CAPTURE_SCREEN:\n            exception_class = ScreenshotException\n        elif status in ErrorCode.ELEMENT_CLICK_INTERCEPTED:\n            exception_class = ElementClickInterceptedException\n        elif status in ErrorCode.INSECURE_CERTIFICATE:\n            exception_class = InsecureCertificateException\n        elif status in ErrorCode.INVALID_COORDINATES:\n            exception_class = InvalidCoordinatesException\n        elif status in ErrorCode.INVALID_SESSION_ID:\n            exception_class = InvalidSessionIdException\n        elif status in ErrorCode.UNKNOWN_METHOD:\n            exception_class = UnknownMethodException\n        else:\n            exception_class = WebDriverException\n        if value == '' or value is None:\n            value = response['value']\n        if isinstance(value, basestring):\n            if exception_class == ErrorInResponseException:\n                raise exception_class(response, value)\n            raise exception_class(value)\n        if message == \"\" and 'message' in value:\n            message = value['message']\n    \n        screen = None\n        if 'screen' in value:\n            screen = value['screen']\n    \n        stacktrace = None\n        if 'stackTrace' in value and value['stackTrace']:\n            stacktrace = []\n            try:\n                for frame in value['stackTrace']:\n                    line = self._value_or_default(frame, 'lineNumber', '')\n                    file = self._value_or_default(frame, 'fileName', '<anonymous>')\n                    if line:\n                        file = \"%s:%s\" % (file, line)\n                    meth = self._value_or_default(frame, 'methodName', '<anonymous>')\n                    if 'className' in frame:\n                        meth = \"%s.%s\" % (frame['className'], meth)\n                    msg = \"    at %s (%s)\"\n                    msg = msg % (meth, file)\n                    stacktrace.append(msg)\n            except TypeError:\n                pass\n        if exception_class == ErrorInResponseException:\n            raise exception_class(response, message)\n        elif exception_class == UnexpectedAlertPresentException:\n            alert_text = None\n            if 'data' in value:\n                alert_text = value['data'].get('text')\n            elif 'alert' in value:\n                alert_text = value['alert'].get('text')\n            raise exception_class(message, screen, stacktrace, alert_text)\n>       raise exception_class(message, screen, stacktrace)\nE       selenium.common.exceptions.NoSuchElementException: Message: no such element: Unable to locate element: {\"method\":\"xpath\",\"selector\":\"//*[@title='18888888888']/../td[1]/input\"}\nE         (Session info: chrome=92.0.4515.159)\n\n..\\..\\..\\..\\AppData\\Local\\Programs\\Python\\Python38\\DLLs\\lib\\site-packages\\selenium\\webdriver\\remote\\errorhandler.py:242: NoSuchElementException"}, "description": "\n        1、在首页点击通讯录按钮\n        2、跳转到添加通讯录页面\n        3、根据手机号勾选成员，点击删除，并操作结果\n        ", "steps": [{"name": "进入到首页", "status": "passed", "start": 1630344901131, "stop": 1630344902241}, {"name": "在首页点击通讯录按钮，跳转到添加通讯录页面", "status": "passed", "start": 1630344902241, "stop": 1630344902272}, {"name": "根据手机号勾选成员，点击删除，并操作结果", "status": "broken", "statusDetails": {"message": "selenium.common.exceptions.NoSuchElementException: Message: no such element: Unable to locate element: {\"method\":\"xpath\",\"selector\":\"//*[@title='18888888888']/../td[1]/input\"}\n  (Session info: chrome=92.0.4515.159)\n\n", "trace": "  File \"C:\\Users\\Administrator\\Documents\\GitHub\\Hogwarts_Task\\CK20_6\\test_scripts\\test_case.py\", line 72, in test_del_members\n    tips = add_members.del_member(phone)\n  File \"C:\\Users\\Administrator\\Documents\\GitHub\\Hogwarts_Task\\CK20_6\\page_object\\contact_page.py\", line 42, in del_member\n    ele = self.find(By.XPATH, f\"//*[@title='{phone}']/../td[1]/input\")\n  File \"C:\\Users\\Administrator\\Documents\\GitHub\\Hogwarts_Task\\CK20_6\\page_object\\base_page.py\", line 101, in find\n    return self.browser.find_element(by, value)\n  File \"C:\\Users\\Administrator\\AppData\\Local\\Programs\\Python\\Python38\\DLLs\\lib\\site-packages\\selenium\\webdriver\\remote\\webdriver.py\", line 976, in find_element\n    return self.execute(Command.FIND_ELEMENT, {\n  File \"C:\\Users\\Administrator\\AppData\\Local\\Programs\\Python\\Python38\\DLLs\\lib\\site-packages\\selenium\\webdriver\\remote\\webdriver.py\", line 321, in execute\n    self.error_handler.check_response(response)\n  File \"C:\\Users\\Administrator\\AppData\\Local\\Programs\\Python\\Python38\\DLLs\\lib\\site-packages\\selenium\\webdriver\\remote\\errorhandler.py\", line 242, in check_response\n    raise exception_class(message, screen, stacktrace)\n"}, "start": 1630344902272, "stop": 1630344907297}], "parameters": [{"name": "phone", "value": "18888888888"}], "start": 1630344901131, "stop": 1630344907301, "uuid": "d1ffe22b-e913-40a1-a8f1-2dd7c18b623a", "historyId": "42c8ed61f16c4a79a3b9d75fc676669d", "testCaseId": "50d145bf9d12c3b196faea7be394addd", "fullName": "test_scripts.test_case.TestCase#test_del_members", "labels": [{"name": "feature", "value": "删除成员成功"}, {"name": "tag", "value": "run(order=3)"}, {"name": "parentSuite", "value": "test_scripts"}, {"name": "suite", "value": "test_case"}, {"name": "subSuite", "value": "TestCase"}, {"name": "host", "value": "SMWH-PC"}, {"name": "thread", "value": "9716-MainThread"}, {"name": "framework", "value": "pytest"}, {"name": "language", "value": "cpython3"}, {"name": "package", "value": "test_scripts.test_case"}]}